app/build/intermediates/manifest_merge_blame_file/debug/manifest-merger-blame-debug-report.txt
1<?xml version="1.0" encoding="utf-8"?>
2<manifest xmlns:android="http://schemas.android.com/apk/res/android"
3    package="com.s33me.hamsandwich"
4    android:versionCode="3"
5    android:versionName="3.0" >
6
7    <uses-sdk
8        android:minSdkVersion="21"
8-->src\main\AndroidManifest.xml
9        android:targetSdkVersion="29" />
9-->src\main\AndroidManifest.xml
10
11    <uses-permission android:name="android.permission.RECORD_AUDIO" />
11-->src\main\AndroidManifest.xml:4:5-71
11-->src\main\AndroidManifest.xml:4:22-68
12    <uses-permission android:name="android.permission.INTERNET" />
12-->src\main\AndroidManifest.xml:5:5-67
12-->src\main\AndroidManifest.xml:5:22-64
13    <uses-permission android:name="android.permission.WRITE_EXTERNAL_STORAGE" />
13-->src\main\AndroidManifest.xml:6:5-81
13-->src\main\AndroidManifest.xml:6:22-78
14    <uses-permission android:name="android.permission.READ_EXTERNAL_STORAGE" />
14-->src\main\AndroidManifest.xml:7:5-80
14-->src\main\AndroidManifest.xml:7:22-77
15
16    <application
16-->src\main\AndroidManifest.xml:8:5-31:19
17        android:allowBackup="true"
17-->src\main\AndroidManifest.xml:9:9-35
18        android:appComponentFactory="android.support.v4.app.CoreComponentFactory"
18-->[com.android.support:support-compat:28.0.0] AndroidManifest.xml:22:18-91
19        android:debuggable="true"
20        android:icon="@drawable/ic_launcher"
20-->src\main\AndroidManifest.xml:10:9-45
21        android:label="@string/app_name"
21-->src\main\AndroidManifest.xml:11:9-41
22        android:resizeableActivity="true"
22-->src\main\AndroidManifest.xml:13:3-38
23        android:testOnly="true"
24        android:theme="@style/AppTheme" >
24-->src\main\AndroidManifest.xml:12:9-40
25        <activity
25-->src\main\AndroidManifest.xml:14:9-22:20
26            android:name="com.s33me.hamsandwich.MainActivity"
26-->src\main\AndroidManifest.xml:15:13-41
27            android:label="@string/app_name" >
27-->src\main\AndroidManifest.xml:16:13-45
28            <intent-filter>
28-->src\main\AndroidManifest.xml:17:13-21:29
29                <action android:name="android.intent.action.MAIN" />
29-->src\main\AndroidManifest.xml:18:17-69
29-->src\main\AndroidManifest.xml:18:25-66
30
31                <category android:name="android.intent.category.LAUNCHER" />
31-->src\main\AndroidManifest.xml:20:17-77
31-->src\main\AndroidManifest.xml:20:27-74
32            </intent-filter>
33        </activity>
34        <activity
34-->src\main\AndroidManifest.xml:23:9-26:20
35            android:name="com.s33me.hamsandwich.SearchActivity"
35-->src\main\AndroidManifest.xml:24:13-43
36            android:label="@string/app_name" >
36-->src\main\AndroidManifest.xml:25:13-45
37        </activity>
38        <activity
38-->src\main\AndroidManifest.xml:27:9-30:20
39            android:name="com.s33me.hamsandwich.ExportCsv"
39-->src\main\AndroidManifest.xml:28:13-38
40            android:label="@string/app_name" >
40-->src\main\AndroidManifest.xml:29:13-45
41        </activity>
42    </application>
43
44</manifest>